{"/home/pablo/Escritorio/dam/JS/primeritoDiaEnVite/sortealoTu/util.js": {"path":"/home/pablo/Escritorio/dam/JS/primeritoDiaEnVite/sortealoTu/util.js","all":false,"statementMap":{"0":{"start":{"line":1,"column":0},"end":{"line":1,"column":44}},"1":{"start":{"line":2,"column":0},"end":{"line":2,"column":53}},"2":{"start":{"line":3,"column":0},"end":{"line":3,"column":1}}},"s":{"0":1,"1":1,"2":1},"branchMap":{"0":{"type":"branch","line":2,"loc":{"start":{"line":2,"column":-1},"end":{"line":3,"column":1}},"locations":[{"start":{"line":2,"column":-1},"end":{"line":3,"column":1}}]}},"b":{"0":[1]},"fnMap":{"0":{"name":"selectRandomFromArray","decl":{"start":{"line":2,"column":-1},"end":{"line":3,"column":1}},"loc":{"start":{"line":2,"column":-1},"end":{"line":3,"column":1}},"line":2}},"f":{"0":1}}
}
